<?xml version="1.0" encoding="UTF-8"?>
<!-- Generated by org.testng.reporters.JUnitReportReporter -->
<testsuite skipped="0" hostname="m-PC" name="Tests_GET" tests="1" failures="0" timestamp="2020-06-17T22:11:14 IST" time="7.973" errors="0">
  <testcase name="test_01" time="7.973" classname="Tests_GET"/>
  <system-out/>
</testsuite> <!-- Tests_GET -->
