<?xml version="1.0" encoding="UTF-8"?>
<!-- Generated by org.testng.reporters.JUnitReportReporter -->
<testsuite skipped="0" hostname="m-PC" name="StaticImport" tests="2" failures="0" timestamp="2020-06-17T21:56:19 IST" time="7.812" errors="0">
  <testcase name="test_02" time="3.618" classname="StaticImport"/>
  <system-out/>
  <testcase name="test_01" time="4.194" classname="StaticImport"/>
  <system-out/>
</testsuite> <!-- StaticImport -->
