<?xml version="1.0" encoding="UTF-8"?>
<!-- Generated by org.testng.reporters.JUnitReportReporter -->
<testsuite skipped="0" hostname="m-PC" name="Tests_POST" tests="4" failures="0" timestamp="2020-06-17T22:39:37 IST" time="8.583" errors="0">
  <testcase name="test_02_Put" time="0.922" classname="Tests_POST"/>
  <system-out/>
  <testcase name="test_03_patch" time="0.870" classname="Tests_POST"/>
  <system-out/>
  <testcase name="test_01" time="5.947" classname="Tests_POST"/>
  <system-out/>
  <testcase name="test_04_Delete" time="0.844" classname="Tests_POST"/>
  <system-out/>
</testsuite> <!-- Tests_POST -->
