<?xml version="1.0" encoding="UTF-8"?>
<!-- Generated by org.testng.reporters.JUnitReportReporter -->
<testsuite skipped="0" hostname="m-PC" name="Test01_Get" tests="1" failures="0" timestamp="2020-06-17T21:44:52 IST" time="5.321" errors="0">
  <testcase name="test_01" time="5.321" classname="Test01_Get"/>
  <system-out/>
</testsuite> <!-- Test01_Get -->
