<?xml version="1.0" encoding="UTF-8"?>
<!-- Generated by org.testng.reporters.JUnitReportReporter -->
<testsuite skipped="0" hostname="LokeshBS" name="Examples" tests="1" failures="0" timestamp="2020-06-18T17:50:15 IST" time="4.414" errors="0">
  <testcase name="test_PATCH" time="4.414" classname="Examples"/>
  <system-out/>
</testsuite> <!-- Examples -->
